<?xml version="1.0" encoding="UTF-8"?>
<!-- Generated by org.testng.reporters.JUnitReportReporter -->
<testsuite skipped="0" hostname="LAPTOP-63Q9E8S0" name="com.test.Test.TestNGPractise" tests="1" failures="0" timestamp="20 Oct 2020 08:21:48 GMT" time="10.531" errors="0">
  <testcase name="launchingCreateAccount" time="10.531" classname="com.test.Test.TestNGPractise"/>
</testsuite> <!-- com.test.Test.TestNGPractise -->
